<?xml version="1.0" encoding="UTF-8"?>
<!-- Generated by org.testng.reporters.JUnitXMLReporter -->
<testsuite ignored="0" hostname="sivarajs-MacBook-Air.local" failures="0" tests="55" name="Test2" time="0.514" errors="0" timestamp="2023-05-10T10:49:10 IST">
  <testcase classname="base.Base_test" name="@BeforeClass setUp" time="0.0">
    <failure type="java.lang.NullPointerException" message="Cannot invoke &amp;quot;String.equalsIgnoreCase(String)&amp;quot; because the return value of &amp;quot;java.util.Properties.getProperty(String)&amp;quot; is null">
      <![CDATA[java.lang.NullPointerException: Cannot invoke "String.equalsIgnoreCase(String)" because the return value of "java.util.Properties.getProperty(String)" is null
at base.Base_test.setUp(Base_test.java:59)
at java.base/java.util.ArrayList.forEach(ArrayList.java:1511)
... Removed 25 stack frames]]>
    </failure>
  </testcase> <!-- @BeforeClass setUp -->
  <testcase classname="base.Base_test" name="@AfterClass tearDown" time="-1.683695949901E9">
    <skipped/>
  </testcase> <!-- @AfterClass tearDown -->
  <testcase classname="base.Base_test" name="@BeforeClass setUp" time="0.001">
    <failure type="java.lang.NullPointerException" message="Cannot invoke &amp;quot;String.equalsIgnoreCase(String)&amp;quot; because the return value of &amp;quot;java.util.Properties.getProperty(String)&amp;quot; is null">
      <![CDATA[java.lang.NullPointerException: Cannot invoke "String.equalsIgnoreCase(String)" because the return value of "java.util.Properties.getProperty(String)" is null
at base.Base_test.setUp(Base_test.java:59)
at java.base/java.util.ArrayList.forEach(ArrayList.java:1511)
... Removed 25 stack frames]]>
    </failure>
  </testcase> <!-- @BeforeClass setUp -->
  <testcase classname="base.Base_test" name="@AfterClass tearDown" time="-1.683695950305E9">
    <skipped/>
  </testcase> <!-- @AfterClass tearDown -->
  <testcase classname="base.Base_test" name="@BeforeClass setUp" time="0.0">
    <failure type="java.lang.NullPointerException" message="Cannot invoke &amp;quot;String.equalsIgnoreCase(String)&amp;quot; because the return value of &amp;quot;java.util.Properties.getProperty(String)&amp;quot; is null">
      <![CDATA[java.lang.NullPointerException: Cannot invoke "String.equalsIgnoreCase(String)" because the return value of "java.util.Properties.getProperty(String)" is null
at base.Base_test.setUp(Base_test.java:59)
at java.base/java.util.ArrayList.forEach(ArrayList.java:1511)
... Removed 25 stack frames]]>
    </failure>
  </testcase> <!-- @BeforeClass setUp -->
  <testcase classname="base.Base_test" name="@AfterClass tearDown" time="-1.683695950306E9">
    <skipped/>
  </testcase> <!-- @AfterClass tearDown -->
  <testcase classname="base.Base_test" name="@BeforeClass setUp" time="0.0">
    <failure type="java.lang.NullPointerException" message="Cannot invoke &amp;quot;String.equalsIgnoreCase(String)&amp;quot; because the return value of &amp;quot;java.util.Properties.getProperty(String)&amp;quot; is null">
      <![CDATA[java.lang.NullPointerException: Cannot invoke "String.equalsIgnoreCase(String)" because the return value of "java.util.Properties.getProperty(String)" is null
at base.Base_test.setUp(Base_test.java:59)
at java.base/java.util.ArrayList.forEach(ArrayList.java:1511)
... Removed 25 stack frames]]>
    </failure>
  </testcase> <!-- @BeforeClass setUp -->
  <testcase classname="base.Base_test" name="@AfterClass tearDown" time="-1.683695950308E9">
    <skipped/>
  </testcase> <!-- @AfterClass tearDown -->
  <testcase classname="base.Base_test" name="@BeforeClass setUp" time="0.001">
    <failure type="java.lang.NullPointerException" message="Cannot invoke &amp;quot;String.equalsIgnoreCase(String)&amp;quot; because the return value of &amp;quot;java.util.Properties.getProperty(String)&amp;quot; is null">
      <![CDATA[java.lang.NullPointerException: Cannot invoke "String.equalsIgnoreCase(String)" because the return value of "java.util.Properties.getProperty(String)" is null
at base.Base_test.setUp(Base_test.java:59)
at java.base/java.util.ArrayList.forEach(ArrayList.java:1511)
... Removed 25 stack frames]]>
    </failure>
  </testcase> <!-- @BeforeClass setUp -->
  <testcase classname="base.Base_test" name="@AfterClass tearDown" time="-1.683695950309E9">
    <skipped/>
  </testcase> <!-- @AfterClass tearDown -->
  <testcase classname="base.Base_test" name="@BeforeClass setUp" time="0.0">
    <failure type="java.lang.NullPointerException" message="Cannot invoke &amp;quot;String.equalsIgnoreCase(String)&amp;quot; because the return value of &amp;quot;java.util.Properties.getProperty(String)&amp;quot; is null">
      <![CDATA[java.lang.NullPointerException: Cannot invoke "String.equalsIgnoreCase(String)" because the return value of "java.util.Properties.getProperty(String)" is null
at base.Base_test.setUp(Base_test.java:59)
at java.base/java.util.ArrayList.forEach(ArrayList.java:1511)
... Removed 25 stack frames]]>
    </failure>
  </testcase> <!-- @BeforeClass setUp -->
  <testcase classname="base.Base_test" name="@AfterClass tearDown" time="-1.683695950311E9">
    <skipped/>
  </testcase> <!-- @AfterClass tearDown -->
  <testcase classname="base.Base_test" name="@BeforeClass setUp" time="0.0">
    <failure type="java.lang.NullPointerException" message="Cannot invoke &amp;quot;String.equalsIgnoreCase(String)&amp;quot; because the return value of &amp;quot;java.util.Properties.getProperty(String)&amp;quot; is null">
      <![CDATA[java.lang.NullPointerException: Cannot invoke "String.equalsIgnoreCase(String)" because the return value of "java.util.Properties.getProperty(String)" is null
at base.Base_test.setUp(Base_test.java:59)
at java.base/java.util.ArrayList.forEach(ArrayList.java:1511)
... Removed 25 stack frames]]>
    </failure>
  </testcase> <!-- @BeforeClass setUp -->
  <testcase classname="base.Base_test" name="@AfterClass tearDown" time="-1.683695950312E9">
    <skipped/>
  </testcase> <!-- @AfterClass tearDown -->
  <testcase classname="base.Base_test" name="@BeforeClass setUp" time="0.0">
    <failure type="java.lang.NullPointerException" message="Cannot invoke &amp;quot;String.equalsIgnoreCase(String)&amp;quot; because the return value of &amp;quot;java.util.Properties.getProperty(String)&amp;quot; is null">
      <![CDATA[java.lang.NullPointerException: Cannot invoke "String.equalsIgnoreCase(String)" because the return value of "java.util.Properties.getProperty(String)" is null
at base.Base_test.setUp(Base_test.java:59)
at java.base/java.util.ArrayList.forEach(ArrayList.java:1511)
... Removed 24 stack frames]]>
    </failure>
  </testcase> <!-- @BeforeClass setUp -->
  <testcase classname="base.Base_test" name="@AfterClass tearDown" time="-1.683695950313E9">
    <skipped/>
  </testcase> <!-- @AfterClass tearDown -->
  <testcase classname="base.Base_test" name="@BeforeClass setUp" time="0.001">
    <failure type="java.lang.NullPointerException" message="Cannot invoke &amp;quot;String.equalsIgnoreCase(String)&amp;quot; because the return value of &amp;quot;java.util.Properties.getProperty(String)&amp;quot; is null">
      <![CDATA[java.lang.NullPointerException: Cannot invoke "String.equalsIgnoreCase(String)" because the return value of "java.util.Properties.getProperty(String)" is null
at base.Base_test.setUp(Base_test.java:59)
at java.base/java.util.ArrayList.forEach(ArrayList.java:1511)
... Removed 24 stack frames]]>
    </failure>
  </testcase> <!-- @BeforeClass setUp -->
  <testcase classname="base.Base_test" name="@AfterClass tearDown" time="-1.683695950314E9">
    <skipped/>
  </testcase> <!-- @AfterClass tearDown -->
  <testcase classname="testcase.Add_users" name="addNewUser" time="0.0">
    <skipped/>
  </testcase> <!-- addNewUser -->
  <testcase classname="testcase.Add_users" name="addNewUser" time="0.0">
    <skipped/>
  </testcase> <!-- addNewUser -->
  <testcase classname="testcase.Add_users" name="addNewUser" time="0.0">
    <skipped/>
  </testcase> <!-- addNewUser -->
  <testcase classname="testcase.Add_users" name="addNewUser" time="0.0">
    <skipped/>
  </testcase> <!-- addNewUser -->
  <testcase classname="testcase.Add_users" name="addNewUser" time="0.0">
    <skipped/>
  </testcase> <!-- addNewUser -->
  <testcase classname="testcase.Add_users" name="addNewUser" time="0.0">
    <skipped/>
  </testcase> <!-- addNewUser -->
  <testcase classname="testcase.Add_users" name="addNewUser" time="0.0">
    <skipped/>
  </testcase> <!-- addNewUser -->
  <testcase classname="testcase.Add_users" name="addNewUser" time="0.0">
    <skipped/>
  </testcase> <!-- addNewUser -->
  <testcase classname="testcase.Add_users" name="addNewUser" time="0.0">
    <skipped/>
  </testcase> <!-- addNewUser -->
  <testcase classname="testcase.Add_organisation" name="add_organisation" time="0.0">
    <skipped/>
  </testcase> <!-- add_organisation -->
  <testcase classname="testcase.Add_organisation" name="add_organisation" time="0.0">
    <skipped/>
  </testcase> <!-- add_organisation -->
  <testcase classname="testcase.Add_organisation" name="add_organisation" time="0.0">
    <skipped/>
  </testcase> <!-- add_organisation -->
  <testcase classname="testcase.Add_organisation" name="add_organisation" time="0.0">
    <skipped/>
  </testcase> <!-- add_organisation -->
  <testcase classname="testcase.Add_organisation" name="add_organisation" time="0.0">
    <skipped/>
  </testcase> <!-- add_organisation -->
  <testcase classname="testcase.Add_organisation" name="add_organisation" time="0.0">
    <skipped/>
  </testcase> <!-- add_organisation -->
  <testcase classname="testcase.Add_organisation" name="add_organisation" time="0.0">
    <skipped/>
  </testcase> <!-- add_organisation -->
  <testcase classname="testcase.Add_organisation" name="add_organisation" time="0.0">
    <skipped/>
  </testcase> <!-- add_organisation -->
  <testcase classname="testcase.Add_organisation" name="add_organisation" time="0.0">
    <skipped/>
  </testcase> <!-- add_organisation -->
  <testcase classname="testcase.Add_organisation" name="add_organisation" time="0.0">
    <skipped/>
  </testcase> <!-- add_organisation -->
  <testcase classname="testcase.Add_organisation" name="add_organisation" time="0.0">
    <skipped/>
  </testcase> <!-- add_organisation -->
  <testcase classname="testcase.Add_organisation" name="add_organisation" time="0.0">
    <skipped/>
  </testcase> <!-- add_organisation -->
  <testcase classname="testcase.Add_organisation" name="add_organisation" time="0.0">
    <skipped/>
  </testcase> <!-- add_organisation -->
  <testcase classname="testcase.Add_organisation" name="add_organisation" time="0.0">
    <skipped/>
  </testcase> <!-- add_organisation -->
  <testcase classname="testcase.Add_organisation" name="add_organisation" time="0.0">
    <skipped/>
  </testcase> <!-- add_organisation -->
  <testcase classname="testcase.Add_organisation" name="add_organisation" time="0.0">
    <skipped/>
  </testcase> <!-- add_organisation -->
  <testcase classname="testcase.Add_organisation" name="add_organisation" time="0.0">
    <skipped/>
  </testcase> <!-- add_organisation -->
  <testcase classname="testcase.Add_organisation" name="add_organisation" time="0.0">
    <skipped/>
  </testcase> <!-- add_organisation -->
  <testcase classname="testcase.Add_organisation" name="add_organisation" time="0.0">
    <skipped/>
  </testcase> <!-- add_organisation -->
  <testcase classname="testcase.Add_organisation" name="add_organisation" time="0.0">
    <skipped/>
  </testcase> <!-- add_organisation -->
  <testcase classname="testcase.Add_organisation" name="add_organisation" time="0.0">
    <skipped/>
  </testcase> <!-- add_organisation -->
  <testcase classname="testcase.Add_organisation" name="add_organisation" time="0.0">
    <skipped/>
  </testcase> <!-- add_organisation -->
  <testcase classname="testcase.Add_organisation" name="add_organisation" time="0.0">
    <skipped/>
  </testcase> <!-- add_organisation -->
  <testcase classname="testcase.Add_organisation" name="add_organisation" time="0.0">
    <skipped/>
  </testcase> <!-- add_organisation -->
  <testcase classname="testcase.Add_organisation" name="add_organisation" time="0.0">
    <skipped/>
  </testcase> <!-- add_organisation -->
  <testcase classname="testcase.Add_organisation" name="add_organisation" time="0.0">
    <skipped/>
  </testcase> <!-- add_organisation -->
  <testcase classname="testcase.Add_organisation" name="add_organisation" time="0.0">
    <skipped/>
  </testcase> <!-- add_organisation -->
  <testcase classname="testcase.Add_organisation" name="add_organisation" time="0.0">
    <skipped/>
  </testcase> <!-- add_organisation -->
  <testcase classname="testcase.Add_organisation" name="add_organisation" time="0.0">
    <skipped/>
  </testcase> <!-- add_organisation -->
  <testcase classname="testcase.Add_organisation" name="add_organisation" time="0.0">
    <skipped/>
  </testcase> <!-- add_organisation -->
  <testcase classname="testcase.Add_organisation" name="add_organisation" time="0.0">
    <skipped/>
  </testcase> <!-- add_organisation -->
  <testcase classname="testcase.Add_organisation" name="add_organisation" time="0.0">
    <skipped/>
  </testcase> <!-- add_organisation -->
  <testcase classname="testcase.Add_organisation" name="add_organisation" time="0.0">
    <skipped/>
  </testcase> <!-- add_organisation -->
  <testcase classname="testcase.Add_organisation" name="add_organisation" time="0.0">
    <skipped/>
  </testcase> <!-- add_organisation -->
  <testcase classname="testcase.Add_organisation" name="add_organisation" time="0.0">
    <skipped/>
  </testcase> <!-- add_organisation -->
  <testcase classname="testcase.Add_organisation" name="add_organisation" time="0.0">
    <skipped/>
  </testcase> <!-- add_organisation -->
  <testcase classname="testcase.Add_organisation" name="add_organisation" time="0.0">
    <skipped/>
  </testcase> <!-- add_organisation -->
  <testcase classname="testcase.Add_organisation" name="add_organisation" time="0.0">
    <skipped/>
  </testcase> <!-- add_organisation -->
  <testcase classname="testcase.Add_organisation" name="add_organisation" time="0.0">
    <skipped/>
  </testcase> <!-- add_organisation -->
  <testcase classname="testcase.Admin_Settings" name="adminSettings" time="0.0">
    <skipped/>
  </testcase> <!-- adminSettings -->
  <testcase classname="testcase.Manual_uploading" name="manual_Uploading" time="0.0">
    <skipped/>
  </testcase> <!-- manual_Uploading -->
  <testcase classname="testcase.Email_config" name="emailConfig" time="0.0">
    <skipped/>
  </testcase> <!-- emailConfig -->
  <testcase classname="testcase.Target_config" name="targetconfig" time="0.0">
    <skipped/>
  </testcase> <!-- targetconfig -->
  <testcase classname="testcase.Assign_role" name="assignRolea" time="0.0">
    <skipped/>
  </testcase> <!-- assignRolea -->
  <testcase classname="testcase.Exception_Invoice" name="exceptionInvoice" time="0.0">
    <skipped/>
  </testcase> <!-- exceptionInvoice -->
  <testcase classname="testcase.Processed_Invoice" name="processedInvoice" time="0.0">
    <skipped/>
  </testcase> <!-- processedInvoice -->
</testsuite> <!-- Test2 -->
